{"C:\\Users\\zacha\\OneDrive\\Documents\\School - Copy\\UNCC Fall 2020\\Network Based Application Development\\dev\\unit-testing-jest\\cloneArray.js": {"path":"C:\\Users\\zacha\\OneDrive\\Documents\\School - Copy\\UNCC Fall 2020\\Network Based Application Development\\dev\\unit-testing-jest\\cloneArray.js","statementMap":{"0":{"start":{"line":2,"column":4},"end":{"line":2,"column":22}},"1":{"start":{"line":5,"column":0},"end":{"line":5,"column":28}}},"fnMap":{"0":{"name":"cloneArray","decl":{"start":{"line":1,"column":9},"end":{"line":1,"column":19}},"loc":{"start":{"line":1,"column":27},"end":{"line":3,"column":1}},"line":1}},"branchMap":{},"s":{"0":2,"1":1},"f":{"0":2},"b":{},"_coverageSchema":"1a1c01bbd47fc00a2c39e90264f33305004495a9","hash":"47dd6e573cde9e7a2a1bb817e5b6b7c60b1abae1"}
,"C:\\Users\\zacha\\OneDrive\\Documents\\School - Copy\\UNCC Fall 2020\\Network Based Application Development\\dev\\unit-testing-jest\\subtract.js": {"path":"C:\\Users\\zacha\\OneDrive\\Documents\\School - Copy\\UNCC Fall 2020\\Network Based Application Development\\dev\\unit-testing-jest\\subtract.js","statementMap":{"0":{"start":{"line":2,"column":4},"end":{"line":2,"column":17}},"1":{"start":{"line":5,"column":0},"end":{"line":5,"column":26}}},"fnMap":{"0":{"name":"subtract","decl":{"start":{"line":1,"column":9},"end":{"line":1,"column":17}},"loc":{"start":{"line":1,"column":24},"end":{"line":3,"column":1}},"line":1}},"branchMap":{},"s":{"0":1,"1":1},"f":{"0":1},"b":{},"_coverageSchema":"1a1c01bbd47fc00a2c39e90264f33305004495a9","hash":"6ce7e435dc541cec7a7d7aa0e37d70a3b22f5692"}
,"C:\\Users\\zacha\\OneDrive\\Documents\\School - Copy\\UNCC Fall 2020\\Network Based Application Development\\dev\\unit-testing-jest\\sum.js": {"path":"C:\\Users\\zacha\\OneDrive\\Documents\\School - Copy\\UNCC Fall 2020\\Network Based Application Development\\dev\\unit-testing-jest\\sum.js","statementMap":{"0":{"start":{"line":2,"column":4},"end":{"line":2,"column":17}},"1":{"start":{"line":6,"column":4},"end":{"line":6,"column":26}},"2":{"start":{"line":9,"column":0},"end":{"line":9,"column":21}}},"fnMap":{"0":{"name":"sum","decl":{"start":{"line":1,"column":9},"end":{"line":1,"column":12}},"loc":{"start":{"line":1,"column":19},"end":{"line":3,"column":1}},"line":1},"1":{"name":"helper","decl":{"start":{"line":5,"column":9},"end":{"line":5,"column":15}},"loc":{"start":{"line":5,"column":18},"end":{"line":7,"column":1}},"line":5}},"branchMap":{},"s":{"0":1,"1":0,"2":1},"f":{"0":1,"1":0},"b":{},"_coverageSchema":"1a1c01bbd47fc00a2c39e90264f33305004495a9","hash":"2d76ce6cd289d9aeefc7a04ce7b91e732c7288e3"}
}
